<?xml version="1.0" encoding="UTF-8" ?>
<testsuite tests="22" failures="0" name="com.siot.IamportRestClient.IamportRestTest" time="6.402" errors="0" skipped="0">
  <properties>
[...]
</properties>
  <testcase classname="com.siot.IamportRestClient.IamportRestTest" name="testCancelVbankPaymentAlreadyCancelledImpUid" time="0.615"/>
  <testcase classname="com.siot.IamportRestClient.IamportRestTest" name="testGetToken" time="0.105"/>
  <testcase classname="com.siot.IamportRestClient.IamportRestTest" name="testPaymentBalanceByImpUid" time="0.174"/>
  <testcase classname="com.siot.IamportRestClient.IamportRestTest" name="testNaverRequestReturnOrders" time="0.29"/>
  <testcase classname="com.siot.IamportRestClient.IamportRestTest" name="testNaverApproveReturnOrders" time="0.251"/>
  <testcase classname="com.siot.IamportRestClient.IamportRestTest" name="testCancelPaymentAlreadyCancelledImpUid" time="0.37"/>
  <testcase classname="com.siot.IamportRestClient.IamportRestTest" name="testNaverRejectReturnOrders" time="0.263"/>
  <testcase classname="com.siot.IamportRestClient.IamportRestTest" name="testPaycoUpdateOrderStatus" time="0.29"/>
  <testcase classname="com.siot.IamportRestClient.IamportRestTest" name="testCancelPaymentAlreadyCancelledMerchantUid" time="0.368"/>
  <testcase classname="com.siot.IamportRestClient.IamportRestTest" name="testPartialCancelVbankPaymentAlreadyCancelledMerchantUid" time="0.179"/>
  <testcase classname="com.siot.IamportRestClient.IamportRestTest" name="testNaverCancelOrders" time="0.218"/>
  <testcase classname="com.siot.IamportRestClient.IamportRestTest" name="testCertificationByImpUid" time="0.155"/>
  <testcase classname="com.siot.IamportRestClient.IamportRestTest" name="testNaverProductOrders" time="0.226"/>
  <testcase classname="com.siot.IamportRestClient.IamportRestTest" name="testPostEscrowLogis" time="0.387"/>
  <testcase classname="com.siot.IamportRestClient.IamportRestTest" name="testPaymentByImpUid" time="0.234"/>
  <testcase classname="com.siot.IamportRestClient.IamportRestTest" name="testPaymentsByStatusAll" time="0.628"/>
  <testcase classname="com.siot.IamportRestClient.IamportRestTest" name="testNaverWithholdReturnOrders" time="0.255"/>
  <testcase classname="com.siot.IamportRestClient.IamportRestTest" name="testNaverShippingOrders" time="0.245"/>
  <testcase classname="com.siot.IamportRestClient.IamportRestTest" name="testGetBillingCustomer" time="0.153"/>
  <testcase classname="com.siot.IamportRestClient.IamportRestTest" name="testPartialCancelPaymentAlreadyCancelledImpUid" time="0.388"/>
  <testcase classname="com.siot.IamportRestClient.IamportRestTest" name="testNaverResolveReturnOrders" time="0.209"/>
  <testcase classname="com.siot.IamportRestClient.IamportRestTest" name="testPartialCancelPaymentAlreadyCancelledMerchantUid" time="0.399"/>
</testsuite>